2025-12-23 03:45:44,572 [INFO] job_applications: Entering MicroserviceRS256JWTMiddleware
2025-12-23 03:45:44,575 [INFO] job_applications: Fetching public key from: http://auth-service:8001/api/public-key/a15df0e9e8084bb3ab34b6185b599a8c/?tenant_id=3
2025-12-23 03:45:44,580 [DEBUG] urllib3.connectionpool: Starting new HTTP connection (1): auth-service:8001
2025-12-23 03:45:44,702 [DEBUG] urllib3.connectionpool: http://auth-service:8001 "GET /api/public-key/a15df0e9e8084bb3ab34b6185b599a8c/?tenant_id=3 HTTP/1.1" 200 477
2025-12-23 03:45:44,712 [DEBUG] urllib3.connectionpool: Starting new HTTP connection (1): auth-service:8001
2025-12-23 03:45:44,795 [DEBUG] urllib3.connectionpool: http://auth-service:8001 "GET /api/tenant/tenants/952803e6-f251-4cf9-9815-5be15f88afd9/ HTTP/1.1" 200 650
2025-12-23 03:45:44,799 [INFO] job_applications: Set schema to: appbrew
2025-12-23 03:45:44,845 [INFO] job_applications: Entering MicroserviceRS256JWTMiddleware
2025-12-23 03:45:44,846 [INFO] job_applications: Fetching public key from: http://auth-service:8001/api/public-key/a15df0e9e8084bb3ab34b6185b599a8c/?tenant_id=3
2025-12-23 03:45:44,849 [DEBUG] urllib3.connectionpool: Starting new HTTP connection (1): auth-service:8001
2025-12-23 03:45:44,897 [DEBUG] urllib3.connectionpool: http://auth-service:8001 "GET /api/public-key/a15df0e9e8084bb3ab34b6185b599a8c/?tenant_id=3 HTTP/1.1" 200 477
2025-12-23 03:45:44,901 [DEBUG] urllib3.connectionpool: Starting new HTTP connection (1): auth-service:8001
2025-12-23 03:45:44,957 [DEBUG] urllib3.connectionpool: http://auth-service:8001 "GET /api/tenant/tenants/952803e6-f251-4cf9-9815-5be15f88afd9/ HTTP/1.1" 200 650
2025-12-23 03:45:44,960 [INFO] job_applications: Set schema to: appbrew
2025-12-23 03:45:44,963 [INFO] job_applications: Permission check for AnonymousUser - authenticated: False
2025-12-23 03:52:13,200 [INFO] job_applications.settings: Logging configuration applied successfully
2025-12-23 03:52:13,200 [INFO] job_applications.settings: Logging configuration applied successfully
2025-12-23 03:52:13,204 [DEBUG] environ.environ: get 'CELERY_BROKER_URL' casted as 'None' with default 'redis://job_app_redis:6379/0'
2025-12-23 03:52:13,207 [DEBUG] environ.environ: get 'CELERY_BROKER_URL' casted as 'None' with default 'redis://job_app_redis:6379/0'
2025-12-23 03:52:13,209 [DEBUG] environ.environ: get 'CELERY_RESULT_BACKEND' casted as 'None' with default 'redis://job_app_redis:6379/0'
2025-12-23 03:52:13,210 [DEBUG] environ.environ: get 'CELERY_RESULT_BACKEND' casted as 'None' with default 'redis://job_app_redis:6379/0'
2025-12-23 03:52:13,781 [INFO] job_applications.settings: Logging configuration applied successfully
2025-12-23 03:52:13,783 [DEBUG] environ.environ: get 'CELERY_BROKER_URL' casted as 'None' with default 'redis://job_app_redis:6379/0'
2025-12-23 03:52:13,785 [DEBUG] environ.environ: get 'CELERY_RESULT_BACKEND' casted as 'None' with default 'redis://job_app_redis:6379/0'
